빌드 시작: 2019-06-24 월 오후 2:50:25
     1>2 노드의 "D:\makeos\MINT64C\HashMap\HashMap\HashMap.vcxproj" 프로젝트(Build 대상)입니다.
     1>ClCompile:
         C:\Program Files (x86)\Microsoft Visual Studio 12.0\VC\bin\CL.exe /c /ZI /nologo /W3 /WX- /sdl /Od /Oy- /D WIN32 /D _DEBUG /D _CONSOLE /D _LIB /D _UNICODE /D UNICODE /Gm /EHsc /RTC1 /MDd /GS /fp:precise /Zc:wchar_t /Zc:forScope /Fo"Debug\\" /Fd"Debug\vc120.pdb" /Gd /TC /analyze- /errorReport:prompt linkList.c main.c
         main.c
     1>d:\makeos\mint64c\hashmap\hashmap\main.c(8): warning C4047: '초기화 중' : 'int'의 간접 참조 수준이 'void *'과(와) 다릅니다.
     1>d:\makeos\mint64c\hashmap\hashmap\main.c(12): warning C4047: '초기화 중' : 'int'의 간접 참조 수준이 'void *'과(와) 다릅니다.
     1>d:\makeos\mint64c\hashmap\hashmap\main.c(14): warning C4013: 'addMap'이(가) 정의되지 않았습니다. extern은 int형을 반환하는 것으로 간주합니다.
     1>d:\makeos\mint64c\hashmap\hashmap\main.c(17): warning C4013: 'getMap'이(가) 정의되지 않았습니다. extern은 int형을 반환하는 것으로 간주합니다.
     1>d:\makeos\mint64c\hashmap\hashmap\main.c(17): warning C4047: '초기화 중' : 'Node *'의 간접 참조 수준이 'int'과(와) 다릅니다.
     1>d:\makeos\mint64c\hashmap\hashmap\main.c(19): warning C4013: 'strcpy'이(가) 정의되지 않았습니다. extern은 int형을 반환하는 것으로 간주합니다.
     1>d:\makeos\mint64c\hashmap\hashmap\main.c(22): warning C4047: '초기화 중' : 'Node *'의 간접 참조 수준이 'int'과(와) 다릅니다.
         linkList.c
     1>d:\makeos\mint64c\hashmap\hashmap\linklist.c(5): warning C4013: 'malloc'이(가) 정의되지 않았습니다. extern은 int형을 반환하는 것으로 간주합니다.
     1>d:\makeos\mint64c\hashmap\hashmap\linklist.c(6): warning C4013: 'strcpy_s'이(가) 정의되지 않았습니다. extern은 int형을 반환하는 것으로 간주합니다.
         코드를 생성하고 있습니다...
       Link:
         C:\Program Files (x86)\Microsoft Visual Studio 12.0\VC\bin\link.exe /ERRORREPORT:PROMPT /OUT:"D:\makeos\MINT64C\HashMap\Debug\HashMap.exe" /INCREMENTAL /NOLOGO kernel32.lib user32.lib gdi32.lib winspool.lib comdlg32.lib advapi32.lib shell32.lib ole32.lib oleaut32.lib uuid.lib odbc32.lib odbccp32.lib /MANIFEST /MANIFESTUAC:"level='asInvoker' uiAccess='false'" /manifest:embed /DEBUG /PDB:"D:\makeos\MINT64C\HashMap\Debug\HashMap.pdb" /SUBSYSTEM:CONSOLE /TLBID:1 /DYNAMICBASE /NXCOMPAT /IMPLIB:"D:\makeos\MINT64C\HashMap\Debug\HashMap.lib" /MACHINE:X86 Debug\hashmap.obj
         Debug\linkList.obj
         Debug\main.obj
         HashMap.vcxproj -> D:\makeos\MINT64C\HashMap\Debug\HashMap.exe
     1>"D:\makeos\MINT64C\HashMap\HashMap\HashMap.vcxproj" 프로젝트를 빌드했습니다(Build 대상).

빌드했습니다.

경과 시간: 00:00:01.13
